# JRE version: OpenJDK Runtime Environment (19.0.1+10) (build 19.0.1+10-21)
# Java VM: OpenJDK 64-Bit Server VM (19.0.1+10-21, mixed mode, emulated-client, sharing, tiered, compressed oops, compressed class ptrs, g1 gc, windows-amd64)
GC Precious Log:
 CardTable entry size: 512
 Card Set container configuration: InlinePtr #cards 5 size 8 Array Of Cards #cards 12 size 40 Howl #buckets 4 coarsen threshold 1843 Howl Bitmap #cards 512 size 80 coarsen threshold 460 Card regions per heap region 1 cards per card region 2048
 CPUs: 4 total, 4 available
 Memory: 7997M
 Large Page Support: Disabled
 NUMA Support: Disabled
 Compressed Oops: Enabled (32-bit)
 Heap Region Size: 1M
 Heap Min Capacity: 8M
 Heap Initial Capacity: 126M
 Heap Max Capacity: 2000M
 Pre-touch: Disabled
 Parallel Workers: 4
 Concurrent Workers: 1
 Concurrent Refinement Workers: 4
 Periodic GC: Disabled
Heap:
 garbage-first heap   total 84992K, used 35200K [0x0000000083000000, 0x0000000100000000)
  region size 1024K, 4 young (4096K), 4 survivors (4096K)
 Metaspace       used 70414K, committed 71360K, reserved 1114112K
  class space    used 9708K, committed 10176K, reserved 1048576K
GC Heap History (20 events):
Event: 3.684 GC heap after
{Heap after GC invocations=8 (full 0):
 garbage-first heap   total 55296K, used 17295K [0x0000000083000000, 0x0000000100000000)
  region size 1024K, 2 young (2048K), 2 survivors (2048K)
 Metaspace       used 25855K, committed 26240K, reserved 1114112K
  class space    used 3398K, committed 3584K, reserved 1048576K
}
Event: 4.063 GC heap before
{Heap before GC invocations=8 (full 0):
 garbage-first heap   total 55296K, used 38799K [0x0000000083000000, 0x0000000100000000)
  region size 1024K, 23 young (23552K), 2 survivors (2048K)
 Metaspace       used 28869K, committed 29376K, reserved 1114112K
  class space    used 3867K, committed 4096K, reserved 1048576K
}
Event: 4.071 GC heap after
{Heap after GC invocations=9 (full 0):
 garbage-first heap   total 55296K, used 19474K [0x0000000083000000, 0x0000000100000000)
  region size 1024K, 3 young (3072K), 3 survivors (3072K)
 Metaspace       used 28869K, committed 29376K, reserved 1114112K
  class space    used 3867K, committed 4096K, reserved 1048576K
}
Event: 4.463 GC heap before
{Heap before GC invocations=9 (full 0):
 garbage-first heap   total 55296K, used 38930K [0x0000000083000000, 0x0000000100000000)
  region size 1024K, 23 young (23552K), 3 survivors (3072K)
 Metaspace       used 31530K, committed 32064K, reserved 1114112K
  class space    used 4174K, committed 4416K, reserved 1048576K
}
Event: 4.469 GC heap after
{Heap after GC invocations=10 (full 0):
 garbage-first heap   total 81920K, used 20992K [0x0000000083000000, 0x0000000100000000)
  region size 1024K, 2 young (2048K), 2 survivors (2048K)
 Metaspace       used 31530K, committed 32064K, reserved 1114112K
  class space    used 4174K, committed 4416K, reserved 1048576K
}
Event: 5.154 GC heap before
{Heap before GC invocations=10 (full 0):
 garbage-first heap   total 81920K, used 34304K [0x0000000083000000, 0x0000000100000000)
  region size 1024K, 16 young (16384K), 2 survivors (2048K)
 Metaspace       used 35349K, committed 35968K, reserved 1114112K
  class space    used 4720K, committed 5056K, reserved 1048576K
}
Event: 5.162 GC heap after
{Heap after GC invocations=11 (full 0):
 garbage-first heap   total 81920K, used 21732K [0x0000000083000000, 0x0000000100000000)
  region size 1024K, 3 young (3072K), 3 survivors (3072K)
 Metaspace       used 35349K, committed 35968K, reserved 1114112K
  class space    used 4720K, committed 5056K, reserved 1048576K
}
Event: 7.220 GC heap before
{Heap before GC invocations=12 (full 0):
 garbage-first heap   total 78848K, used 62692K [0x0000000083000000, 0x0000000100000000)
  region size 1024K, 43 young (44032K), 3 survivors (3072K)
 Metaspace       used 48788K, committed 49408K, reserved 1114112K
  class space    used 6458K, committed 6720K, reserved 1048576K
}
Event: 7.226 GC heap after
{Heap after GC invocations=13 (full 0):
 garbage-first heap   total 78848K, used 25263K [0x0000000083000000, 0x0000000100000000)
  region size 1024K, 6 young (6144K), 6 survivors (6144K)
 Metaspace       used 48788K, committed 49408K, reserved 1114112K
  class space    used 6458K, committed 6720K, reserved 1048576K
}
Event: 7.254 GC heap before
{Heap before GC invocations=13 (full 0):
 garbage-first heap   total 78848K, used 26287K [0x0000000083000000, 0x0000000100000000)
  region size 1024K, 7 young (7168K), 6 survivors (6144K)
 Metaspace       used 49115K, committed 49728K, reserved 1114112K
  class space    used 6492K, committed 6784K, reserved 1048576K
}
Event: 7.261 GC heap after
{Heap after GC invocations=14 (full 0):
 garbage-first heap   total 78848K, used 25374K [0x0000000083000000, 0x0000000100000000)
  region size 1024K, 1 young (1024K), 1 survivors (1024K)
 Metaspace       used 49115K, committed 49728K, reserved 1114112K
  class space    used 6492K, committed 6784K, reserved 1048576K
}
Event: 8.430 GC heap before
{Heap before GC invocations=14 (full 0):
 garbage-first heap   total 78848K, used 58142K [0x0000000083000000, 0x0000000100000000)
  region size 1024K, 35 young (35840K), 1 survivors (1024K)
 Metaspace       used 59492K, committed 60096K, reserved 1114112K
  class space    used 8097K, committed 8384K, reserved 1048576K
}
Event: 8.434 GC heap after
{Heap after GC invocations=15 (full 0):
 garbage-first heap   total 78848K, used 26063K [0x0000000083000000, 0x0000000100000000)
  region size 1024K, 2 young (2048K), 2 survivors (2048K)
 Metaspace       used 59492K, committed 60096K, reserved 1114112K
  class space    used 8097K, committed 8384K, reserved 1048576K
}
Event: 10.274 GC heap before
{Heap before GC invocations=16 (full 0):
 garbage-first heap   total 78848K, used 61903K [0x0000000083000000, 0x0000000100000000)
  region size 1024K, 37 young (37888K), 2 survivors (2048K)
 Metaspace       used 63502K, committed 64320K, reserved 1114112K
  class space    used 8653K, committed 9024K, reserved 1048576K
}
Event: 10.281 GC heap after
{Heap after GC invocations=17 (full 0):
 garbage-first heap   total 78848K, used 29533K [0x0000000083000000, 0x0000000100000000)
  region size 1024K, 5 young (5120K), 5 survivors (5120K)
 Metaspace       used 63502K, committed 64320K, reserved 1114112K
  class space    used 8653K, committed 9024K, reserved 1048576K
}
Event: 10.312 GC heap before
{Heap before GC invocations=17 (full 0):
 garbage-first heap   total 78848K, used 30557K [0x0000000083000000, 0x0000000100000000)
  region size 1024K, 6 young (6144K), 5 survivors (5120K)
 Metaspace       used 63783K, committed 64576K, reserved 1114112K
  class space    used 8679K, committed 9024K, reserved 1048576K
}
Event: 10.321 GC heap after
{Heap after GC invocations=18 (full 0):
 garbage-first heap   total 78848K, used 29934K [0x0000000083000000, 0x0000000100000000)
  region size 1024K, 1 young (1024K), 1 survivors (1024K)
 Metaspace       used 63783K, committed 64576K, reserved 1114112K
  class space    used 8679K, committed 9024K, reserved 1048576K
}
Event: 12.177 GC heap before
{Heap before GC invocations=18 (full 0):
 garbage-first heap   total 78848K, used 61678K [0x0000000083000000, 0x0000000100000000)
  region size 1024K, 32 young (32768K), 1 survivors (1024K)
 Metaspace       used 67430K, committed 68224K, reserved 1114112K
  class space    used 9282K, committed 9664K, reserved 1048576K
}
Event: 12.200 GC heap after
{Heap after GC invocations=19 (full 0):
 garbage-first heap   total 78848K, used 32155K [0x0000000083000000, 0x0000000100000000)
  region size 1024K, 3 young (3072K), 3 survivors (3072K)
 Metaspace       used 67430K, committed 68224K, reserved 1114112K
  class space    used 9282K, committed 9664K, reserved 1048576K
}
Event: 50.817 GC heap before
{Heap before GC invocations=19 (full 0):
 garbage-first heap   total 78848K, used 61851K [0x0000000083000000, 0x0000000100000000)
  region size 1024K, 32 young (32768K), 3 survivors (3072K)
 Metaspace       used 70414K, committed 71360K, reserved 1114112K
  class space    used 9708K, committed 10176K, reserved 1048576K
}

